T22BC 12276:946 SEGGER J-Link V5.12 Log File (0000ms, 4559ms total)
T22BC 12276:946 DLL Compiled: Mar 30 2016 17:28:31 (0000ms, 4559ms total)
T22BC 12276:946 Logging started @ 2017-11-17 18:36 (0000ms, 4559ms total)
T16F4 12277:850 JLINK_EMU_GetList(InterfaceMask = 0x00000001, MaxInfos = 0x00000032) [0]: USB, S/N: 28023070, [1]: USB, S/N: 29425026  returns 0x02 (0000ms, 4559ms total)
T22BC 12278:617 JLINK_ExecCommand("Device = AT91SAM3X8E", ...)Device "ATSAM3X8E" selected.  returns 0x00 (0001ms, 4560ms total)
T22BC 12278:637 JLINK_ExecCommand("ProjectFile = E:\treat back up\Merging 15112017\Renalyx_DM1\CPU3\jlink.config", ...)  returns 0x00 (0000ms, 4560ms total)
T16F4 12279:161 JLINK_EMU_GetList(InterfaceMask = 0x00000001, MaxInfos = 0x00000032) [0]: USB, S/N: 28023070, [1]: USB, S/N: 29425026  returns 0x02 (0000ms, 4560ms total)
T16F4 12280:477 JLINK_EMU_GetList(InterfaceMask = 0x00000001, MaxInfos = 0x00000032) [0]: USB, S/N: 28023070, [1]: USB, S/N: 29425026  returns 0x02 (0000ms, 4560ms total)
T22BC 12280:626 JLINK_ExecCommand("Device = AT91SAM3X8E", ...)Device "ATSAM3X8E" selected.  returns 0x00 (0001ms, 4561ms total)
T22BC 12280:627 JLINK_TIF_Select(JLINKARM_TIF_JTAG)  returns 0x00 (0001ms, 4562ms total)
T22BC 12280:628 JLINK_GetIdData(...) >0x2F8 JTAG>TotalIRLen = 4, IRPrint = 0x01 >0x30 JTAG> >0x210 JTAG> >0x70 JTAG> >0x48 JTAG> >0x40 JTAG> >0x48 JTAG> >0x78 JTAG> >0x40 JTAG> >0x30 JTAG> >0x40 JTAG> >0x40 JTAG> >0x30 JTAG> >0x40 JTAG> >0x48 JTAG>Found Cortex-M3 r2p0, Little endian. -- CPU_ReadMem(4 bytes @ 0xE000EDF0) -- CPU_WriteMem(4 bytes @ 0xE000EDF0) -- CPU_ReadMem(4 bytes @ 0xE0002000)FPUnit: 6 code (BP) slots and 2 literal slots -- CPU_ReadMem(4 bytes @ 0xE000EDFC)
 -- CPU_WriteMem(4 bytes @ 0xE000EDFC) -- CPU_ReadMem(4 bytes @ 0xE0001000) -- CPU_WriteMem(4 bytes @ 0xE0001000) -- CPU_ReadMem(4 bytes @ 0xE000ED88) -- CPU_WriteMem(4 bytes @ 0xE000ED88) -- CPU_ReadMem(4 bytes @ 0xE000ED88) -- CPU_WriteMem(4 bytes @ 0xE000ED88)CoreSight components:ROMTbl 0 @ E00FF000 -- CPU_ReadMem(16 bytes @ 0xE00FF000) -- CPU_ReadMem(16 bytes @ 0xE000EFF0) -- CPU_ReadMem(16 bytes @ 0xE000EFE0)ROMTbl 0 [0]: FFF0F000, CID: B105E00D, PID: 002BB000 SCS
 -- CPU_ReadMem(16 bytes @ 0xE0001FF0) -- CPU_ReadMem(16 bytes @ 0xE0001FE0)ROMTbl 0 [1]: FFF02000, CID: B105E00D, PID: 002BB002 DWT -- CPU_ReadMem(16 bytes @ 0xE0002FF0) -- CPU_ReadMem(16 bytes @ 0xE0002FE0)ROMTbl 0 [2]: FFF03000, CID: B105E00D, PID: 002BB003 FPB -- CPU_ReadMem(16 bytes @ 0xE0000FF0) -- CPU_ReadMem(16 bytes @ 0xE0000FE0)ROMTbl 0 [3]: FFF01000, CID: B105E00D, PID: 002BB001 ITM -- CPU_ReadMem(16 bytes @ 0xE00FF010) -- CPU_ReadMem(16 bytes @ 0xE0040FF0)
 -- CPU_ReadMem(16 bytes @ 0xE0040FE0)ROMTbl 0 [4]: FFF41000, CID: B105900D, PID: 002BB923 TPIU-Lite ScanLen=4 NumDevices=1 aId[0]=0x4BA00477 aIrRead[0]=0 aScanLen[0]=0 aScanRead[0]=0 (0030ms, 4592ms total)
T22BC 12280:658 JLINK_ConfigJTAG(IRPre = 0, DRPre = 0) (0000ms, 4592ms total)
T22BC 12280:658 JLINK_SetSpeed(4000) (0000ms, 4592ms total)
T22BC 12280:658 JLINK_ResetPullsRESET(OFF) (0000ms, 4592ms total)
T22BC 12280:658 JLINK_Connect() >0x2F8 JTAG>TotalIRLen = 4, IRPrint = 0x01 >0x30 JTAG> >0x210 JTAG> >0x70 JTAG> >0x48 JTAG> >0x40 JTAG> >0x48 JTAG> >0x78 JTAG> >0x40 JTAG> >0x30 JTAG> >0x40 JTAG> >0x40 JTAG> >0x30 JTAG> >0x40 JTAG> >0x48 JTAG>Found Cortex-M3 r2p0, Little endian. -- CPU_ReadMem(4 bytes @ 0xE000EDF0) -- CPU_ReadMem(4 bytes @ 0xE0002000)FPUnit: 6 code (BP) slots and 2 literal slots -- CPU_ReadMem(4 bytes @ 0xE000EDFC) -- CPU_ReadMem(4 bytes @ 0xE0001000)
 -- CPU_WriteMem(4 bytes @ 0xE0001000) -- CPU_ReadMem(4 bytes @ 0xE000ED88) -- CPU_WriteMem(4 bytes @ 0xE000ED88) -- CPU_ReadMem(4 bytes @ 0xE000ED88) -- CPU_WriteMem(4 bytes @ 0xE000ED88)CoreSight components:ROMTbl 0 @ E00FF000 -- CPU_ReadMem(16 bytes @ 0xE00FF000) -- CPU_ReadMem(16 bytes @ 0xE000EFF0) -- CPU_ReadMem(16 bytes @ 0xE000EFE0)ROMTbl 0 [0]: FFF0F000, CID: B105E00D, PID: 002BB000 SCS -- CPU_ReadMem(16 bytes @ 0xE0001FF0) -- CPU_ReadMem(16 bytes @ 0xE0001FE0)
ROMTbl 0 [1]: FFF02000, CID: B105E00D, PID: 002BB002 DWT -- CPU_ReadMem(16 bytes @ 0xE0002FF0) -- CPU_ReadMem(16 bytes @ 0xE0002FE0)ROMTbl 0 [2]: FFF03000, CID: B105E00D, PID: 002BB003 FPB -- CPU_ReadMem(16 bytes @ 0xE0000FF0) -- CPU_ReadMem(16 bytes @ 0xE0000FE0)ROMTbl 0 [3]: FFF01000, CID: B105E00D, PID: 002BB001 ITM -- CPU_ReadMem(16 bytes @ 0xE00FF010) -- CPU_ReadMem(16 bytes @ 0xE0040FF0) -- CPU_ReadMem(16 bytes @ 0xE0040FE0)ROMTbl 0 [4]: FFF41000, CID: B105900D, PID: 002BB923 TPIU-Lite
  returns 0x00 (0016ms, 4608ms total)
T22BC 12280:674 JLINK_Halt()  returns 0x00 (0004ms, 4612ms total)
T22BC 12280:678 JLINK_WriteMem(0x400E0A04, 0x0004 Bytes, ...) - Data: 0B 01 00 5A -- CPU_WriteMem(4 bytes @ 0x400E0A04)  returns 0x04 (0000ms, 4612ms total)
T22BC 12280:678 JLINK_ReadMem (0x400E0A08, 0x0004 Bytes, ...) -- CPU_ReadMem(4 bytes @ 0x400E0A08) - Data: 01 00 00 00  returns 0x00 (0001ms, 4613ms total)
T22BC 12280:679 JLINK_WriteMem(0x400E0A04, 0x0004 Bytes, ...) - Data: 0C 02 00 5A -- CPU_WriteMem(4 bytes @ 0x400E0A04)  returns 0x04 (0000ms, 4613ms total)
T22BC 12280:679 JLINK_ReadMem (0x400E0A08, 0x0004 Bytes, ...) -- CPU_ReadMem(4 bytes @ 0x400E0A08) - Data: 01 00 00 00  returns 0x00 (0001ms, 4614ms total)
T22BC 12280:680 JLINK_Reset() -- CPU_ReadMem(16 bytes @ 0x20000000) -- CPU_WriteMem(16 bytes @ 0x20000000) -- CPU_ReadMem(4 bytes @ 0xE000EDFC) -- CPU_WriteMem(4 bytes @ 0xE000EDFC) -- CPU_ReadMem(4 bytes @ 0xE0001000) -- CPU_WriteMem(4 bytes @ 0xE000ED0C) -- CPU_ReadMem(4 bytes @ 0xE000EDF0) -- CPU_ReadMem(4 bytes @ 0xE000EDF0) -- CPU_WriteMem(4 bytes @ 0xE000EDFC) -- CPU_WriteMem(16 bytes @ 0x20000000) -- CPU_WriteMem(4 bytes @ 0xE0002000) -- CPU_ReadMem(4 bytes @ 0xE000EDFC)
 -- CPU_ReadMem(4 bytes @ 0xE0001000) (0025ms, 4639ms total)
T22BC 12280:706 JLINK_JTAG_GetDeviceID(DeviceIndex = 0)  returns 0x4BA00477 (0000ms, 4639ms total)
T22BC 12280:706 JLINK_ReadMemU32(0x400E0940, 0x0001 Items, ...) -- CPU_ReadMem(4 bytes @ 0x400E0940) - Data: 60 0A 5E 28  returns 0x01 (0001ms, 4640ms total)
T22BC 12280:707 JLINK_ReadMemU32(0x400E0944, 0x0001 Items, ...) -- CPU_ReadMem(4 bytes @ 0x400E0944) - Data: 00 00 00 00  returns 0x01 (0000ms, 4640ms total)
T22BC 12280:710 JLINK_BeginDownload(Flags = 0x00) (0000ms, 4640ms total)
T22BC 12280:710 JLINK_WriteMem(0x00080000, 0x6E64 Bytes, ...) - Data: 60 32 07 20 F1 36 08 00 E9 36 08 00 E9 36 08 00 ...  returns 0x6E64 (0001ms, 4641ms total)
T22BC 12280:711 JLINK_WriteMem(0x00086E64, 0x0008 Bytes, ...) - Data: 04 FC FF 7F 01 00 00 00  returns 0x08 (0000ms, 4641ms total)
T22BC 12280:712 JLINK_WriteMem(0x00086E6C, 0x0C6C Bytes, ...) - Data: 03 00 00 00 1E 00 00 00 03 00 00 00 1E 01 00 00 ...  returns 0xC6C (0000ms, 4641ms total)
T06F4 12280:715 JLINK_IsHalted()  returns TRUE (0000ms, 4641ms total)
T06F4 12280:715 JLINK_GetMOEs(...) -- CPU_ReadMem(4 bytes @ 0xE000ED30) -- CPU_WriteMem(4 bytes @ 0xE000ED30)  returns 0x01 (0001ms, 4642ms total)
T06F4 12280:716 JLINK_ReadReg(R15 (PC)) -- -------------------------------------- -- Start of determining dirty areas in flash cache -- End of determining dirty areas -- Start of preparing flash programming -- Calculating RAM usage -- RAM usage = 3892 Bytes -- Preserving CPU registers -- Preparing memory -- Determining CPU clock frequency -- CPU clock frequency: 3894 kHz -- CPU frequency = 3894 kHz -- Preparing target -- Downloading RAMCode -- Checking target RAM -- Preparing RAMCode
 -- End of preparing flash programmingCPU is running at low speed (3894 kHz). -- CPU is running at 3894 kHz. -- Start of comparing flash -- Read back was estimated as fastest method -- Comparing range 0x80000 - 0x87AFF (123 Sectors, 30 KB), using multi-block CRC calculation -- CPU is running -- CPU_ReadMem(256 bytes @ 0x00080000) -- CPU is running -- CPU_ReadMem(256 bytes @ 0x00080100) -- CPU is running -- CPU_ReadMem(256 bytes @ 0x00080200) -- CPU is running -- CPU_ReadMem(256 bytes @ 0x00080300)
 -- CPU is running -- CPU_ReadMem(256 bytes @ 0x00080400) -- CPU is running -- CPU_ReadMem(256 bytes @ 0x00080500) -- CPU is running -- CPU_ReadMem(256 bytes @ 0x00080600) -- CPU is running -- CPU_ReadMem(256 bytes @ 0x00080700) -- CPU is running -- CPU_ReadMem(256 bytes @ 0x00080800) -- CPU is running -- CPU_ReadMem(256 bytes @ 0x00080900) -- CPU is running -- CPU_ReadMem(256 bytes @ 0x00080A00) -- CPU is running -- CPU_ReadMem(256 bytes @ 0x00080B00) -- CPU is running
 -- CPU_ReadMem(256 bytes @ 0x00080C00) -- CPU is running -- CPU_ReadMem(256 bytes @ 0x00080D00) -- CPU is running -- CPU_ReadMem(256 bytes @ 0x00080E00) -- CPU is running -- CPU_ReadMem(256 bytes @ 0x00080F00) -- CPU is running -- CPU_ReadMem(256 bytes @ 0x00081000) -- CPU is running -- CPU_ReadMem(256 bytes @ 0x00081100) -- CPU is running -- CPU_ReadMem(256 bytes @ 0x00081200) -- CPU is running -- CPU_ReadMem(256 bytes @ 0x00081300) -- CPU is running -- CPU_ReadMem(256 bytes @ 0x00081400)
 -- CPU is running -- CPU_ReadMem(256 bytes @ 0x00081500) -- CPU is running -- CPU_ReadMem(256 bytes @ 0x00081600) -- CPU is running -- CPU_ReadMem(256 bytes @ 0x00081700) -- CPU is running -- CPU_ReadMem(256 bytes @ 0x00081800) -- CPU is running -- CPU_ReadMem(256 bytes @ 0x00081900) -- CPU is running -- CPU_ReadMem(256 bytes @ 0x00081A00) -- CPU is running -- CPU_ReadMem(256 bytes @ 0x00081B00) -- CPU is running -- CPU_ReadMem(256 bytes @ 0x00081C00) -- CPU is running
 -- CPU_ReadMem(256 bytes @ 0x00081D00) -- CPU is running -- CPU_ReadMem(256 bytes @ 0x00081E00) -- CPU is running -- CPU_ReadMem(256 bytes @ 0x00081F00) -- CPU is running -- CPU_ReadMem(256 bytes @ 0x00082000) -- CPU is running -- CPU_ReadMem(256 bytes @ 0x00082100) -- CPU is running -- CPU_ReadMem(256 bytes @ 0x00082200) -- CPU is running -- CPU_ReadMem(256 bytes @ 0x00082300) -- CPU is running -- CPU_ReadMem(256 bytes @ 0x00082400) -- CPU is running -- CPU_ReadMem(256 bytes @ 0x00082500)
 -- CPU is running -- CPU_ReadMem(256 bytes @ 0x00082600) -- CPU is running -- CPU_ReadMem(256 bytes @ 0x00082700) -- CPU is running -- CPU_ReadMem(256 bytes @ 0x00082800) -- CPU is running -- CPU_ReadMem(256 bytes @ 0x00082900) -- CPU is running -- CPU_ReadMem(256 bytes @ 0x00082A00) -- CPU is running -- CPU_ReadMem(256 bytes @ 0x00082B00) -- CPU is running -- CPU_ReadMem(256 bytes @ 0x00082C00) -- CPU is running -- CPU_ReadMem(256 bytes @ 0x00082D00) -- CPU is running
 -- CPU_ReadMem(256 bytes @ 0x00082E00) -- CPU is running -- CPU_ReadMem(256 bytes @ 0x00082F00) -- CPU is running -- CPU_ReadMem(256 bytes @ 0x00083000) -- CPU is running -- CPU_ReadMem(256 bytes @ 0x00083100) -- CPU is running -- CPU_ReadMem(256 bytes @ 0x00083200) -- CPU is running -- CPU_ReadMem(256 bytes @ 0x00083300) -- CPU is running -- CPU_ReadMem(256 bytes @ 0x00083400) -- CPU is running -- CPU_ReadMem(256 bytes @ 0x00083500) -- CPU is running -- CPU_ReadMem(256 bytes @ 0x00083600)
 -- CPU is running -- CPU_ReadMem(256 bytes @ 0x00083700) -- CPU is running -- CPU_ReadMem(256 bytes @ 0x00083800) -- CPU is running -- CPU_ReadMem(256 bytes @ 0x00083900) -- CPU is running -- CPU_ReadMem(256 bytes @ 0x00083A00) -- CPU is running -- CPU_ReadMem(256 bytes @ 0x00083B00) -- CPU is running -- CPU_ReadMem(256 bytes @ 0x00083C00) -- CPU is running -- CPU_ReadMem(256 bytes @ 0x00083D00) -- CPU is running -- CPU_ReadMem(256 bytes @ 0x00083E00) -- CPU is running
 -- CPU_ReadMem(256 bytes @ 0x00083F00) -- CPU is running -- CPU_ReadMem(256 bytes @ 0x00084000) -- CPU is running -- CPU_ReadMem(256 bytes @ 0x00084100) -- CPU is running -- CPU_ReadMem(256 bytes @ 0x00084200) -- CPU is running -- CPU_ReadMem(256 bytes @ 0x00084300) -- CPU is running -- CPU_ReadMem(256 bytes @ 0x00084400) -- CPU is running -- CPU_ReadMem(256 bytes @ 0x00084500) -- CPU is running -- CPU_ReadMem(256 bytes @ 0x00084600) -- CPU is running -- CPU_ReadMem(256 bytes @ 0x00084700)
 -- CPU is running -- CPU_ReadMem(256 bytes @ 0x00084800) -- CPU is running -- CPU_ReadMem(256 bytes @ 0x00084900) -- CPU is running -- CPU_ReadMem(256 bytes @ 0x00084A00) -- CPU is running -- CPU_ReadMem(256 bytes @ 0x00084B00) -- CPU is running -- CPU_ReadMem(256 bytes @ 0x00084C00) -- CPU is running -- CPU_ReadMem(256 bytes @ 0x00084D00) -- CPU is running -- CPU_ReadMem(256 bytes @ 0x00084E00) -- CPU is running -- CPU_ReadMem(256 bytes @ 0x00084F00) -- CPU is running
 -- CPU_ReadMem(256 bytes @ 0x00085000) -- CPU is running -- CPU_ReadMem(256 bytes @ 0x00085100) -- CPU is running -- CPU_ReadMem(256 bytes @ 0x00085200) -- CPU is running -- CPU_ReadMem(256 bytes @ 0x00085300) -- CPU is running -- CPU_ReadMem(256 bytes @ 0x00085400) -- CPU is running -- CPU_ReadMem(256 bytes @ 0x00085500) -- CPU is running -- CPU_ReadMem(256 bytes @ 0x00085600) -- CPU is running -- CPU_ReadMem(256 bytes @ 0x00085700) -- CPU is running -- CPU_ReadMem(256 bytes @ 0x00085800)
 -- CPU is running -- CPU_ReadMem(256 bytes @ 0x00085900) -- CPU is running -- CPU_ReadMem(256 bytes @ 0x00085A00) -- CPU is running -- CPU_ReadMem(256 bytes @ 0x00085B00) -- CPU is running -- CPU_ReadMem(256 bytes @ 0x00085C00) -- CPU is running -- CPU_ReadMem(256 bytes @ 0x00085D00) -- CPU is running -- CPU_ReadMem(256 bytes @ 0x00085E00) -- CPU is running -- CPU_ReadMem(256 bytes @ 0x00085F00) -- CPU is running -- CPU_ReadMem(256 bytes @ 0x00086000) -- CPU is running
 -- CPU_ReadMem(256 bytes @ 0x00086100) -- CPU is running -- CPU_ReadMem(256 bytes @ 0x00086200) -- CPU is running -- CPU_ReadMem(256 bytes @ 0x00086300) -- CPU is running -- CPU_ReadMem(256 bytes @ 0x00086400) -- CPU is running -- CPU_ReadMem(256 bytes @ 0x00086500) -- CPU is running -- CPU_ReadMem(256 bytes @ 0x00086600) -- CPU is running -- CPU_ReadMem(256 bytes @ 0x00086700) -- CPU is running -- CPU_ReadMem(256 bytes @ 0x00086800) -- CPU is running -- CPU_ReadMem(256 bytes @ 0x00086900)
 -- CPU is running -- CPU_ReadMem(256 bytes @ 0x00086A00) -- CPU is running -- CPU_ReadMem(256 bytes @ 0x00086B00) -- CPU is running -- CPU_ReadMem(256 bytes @ 0x00086C00) -- CPU is running -- CPU_ReadMem(256 bytes @ 0x00086D00) -- CPU is running -- CPU_ReadMem(256 bytes @ 0x00086E00) -- CPU is running -- CPU_ReadMem(256 bytes @ 0x00086F00) -- CPU is running -- CPU_ReadMem(256 bytes @ 0x00087000) -- CPU is running -- CPU_ReadMem(256 bytes @ 0x00087100) -- CPU is running
 -- CPU_ReadMem(256 bytes @ 0x00087200) -- CPU is running -- CPU_ReadMem(256 bytes @ 0x00087300) -- CPU is running -- CPU_ReadMem(256 bytes @ 0x00087400) -- CPU is running -- CPU_ReadMem(256 bytes @ 0x00087500) -- CPU is running -- CPU_ReadMem(256 bytes @ 0x00087600) -- CPU is running -- CPU_ReadMem(256 bytes @ 0x00087700) -- CPU is running -- CPU_ReadMem(256 bytes @ 0x00087800) -- CPU is running -- CPU_ReadMem(256 bytes @ 0x00087900) -- CPU is running -- CPU_ReadMem(256 bytes @ 0x00087A00)
 -- CRC does not match for sectors 0-1, 8-9, 11, 18-20, 28, 32-33, 36-115, 118-122 -- Comparing range 0x80200 - 0x807FF (6 Sectors, 1 KB), using alternative multi-block CRC calculation -- CPU is running -- CPU_ReadMem(256 bytes @ 0x00080200) -- CPU is running -- CPU_ReadMem(256 bytes @ 0x00080300) -- CPU is running -- CPU_ReadMem(256 bytes @ 0x00080400) -- CPU is running -- CPU_ReadMem(256 bytes @ 0x00080500) -- CPU is running -- CPU_ReadMem(256 bytes @ 0x00080600) -- CPU is running
 -- CPU_ReadMem(256 bytes @ 0x00080700) -- All CRCs match -- Comparing range 0x80A00 - 0x80AFF (1 Sector, 256 Bytes), using alternative multi-block CRC calculation -- CPU is running -- CPU_ReadMem(256 bytes @ 0x00080A00) -- All CRCs match -- Comparing range 0x80C00 - 0x811FF (6 Sectors, 1 KB), using alternative multi-block CRC calculation -- CPU is running -- CPU_ReadMem(256 bytes @ 0x00080C00) -- CPU is running -- CPU_ReadMem(256 bytes @ 0x00080D00) -- CPU is running
 -- CPU_ReadMem(256 bytes @ 0x00080E00) -- CPU is running -- CPU_ReadMem(256 bytes @ 0x00080F00) -- CPU is running -- CPU_ReadMem(256 bytes @ 0x00081000) -- CPU is running -- CPU_ReadMem(256 bytes @ 0x00081100) -- All CRCs match -- Comparing range 0x81500 - 0x81BFF (7 Sectors, 1 KB), using alternative multi-block CRC calculation -- CPU is running -- CPU_ReadMem(256 bytes @ 0x00081500) -- CPU is running -- CPU_ReadMem(256 bytes @ 0x00081600) -- CPU is running -- CPU_ReadMem(256 bytes @ 0x00081700)
 -- CPU is running -- CPU_ReadMem(256 bytes @ 0x00081800) -- CPU is running -- CPU_ReadMem(256 bytes @ 0x00081900) -- CPU is running -- CPU_ReadMem(256 bytes @ 0x00081A00) -- CPU is running -- CPU_ReadMem(256 bytes @ 0x00081B00) -- All CRCs match -- Comparing range 0x81D00 - 0x81FFF (3 Sectors, 768 Bytes), using alternative multi-block CRC calculation -- CPU is running -- CPU_ReadMem(256 bytes @ 0x00081D00) -- CPU is running -- CPU_ReadMem(256 bytes @ 0x00081E00) -- CPU is running
 -- CPU_ReadMem(256 bytes @ 0x00081F00) -- All CRCs match -- Comparing range 0x82200 - 0x823FF (2 Sectors, 512 Bytes), using alternative multi-block CRC calculation -- CPU is running -- CPU_ReadMem(256 bytes @ 0x00082200) -- CPU is running -- CPU_ReadMem(256 bytes @ 0x00082300) -- All CRCs match -- Comparing range 0x87400 - 0x875FF (2 Sectors, 512 Bytes), using alternative multi-block CRC calculation -- CPU is running -- CPU_ReadMem(256 bytes @ 0x00087400) -- CPU is running
 -- CPU_ReadMem(256 bytes @ 0x00087500) -- All CRCs match -- End of comparing flash -- Start of erasing sectors -- Erasing range 0x00080000 - 0x000801FF (002 Sectors, 512 Bytes) -- Erasing range 0x00080800 - 0x000809FF (002 Sectors, 512 Bytes) -- Erasing range 0x00080B00 - 0x00080BFF (001 Sector, 256 Bytes) -- Erasing range 0x00081200 - 0x000814FF (003 Sectors, 768 Bytes) -- Erasing range 0x00081C00 - 0x00081CFF (001 Sector, 256 Bytes) -- Erasing range 0x00082000 - 0x000821FF (002 Sectors, 512 Bytes)
 -- Erasing range 0x00082400 - 0x000843FF (032 Sectors, 8 KB) -- Erasing range 0x00084400 - 0x000863FF (032 Sectors, 8 KB) -- Erasing range 0x00086400 - 0x000873FF (016 Sectors, 4 KB) -- Erasing range 0x00087600 - 0x00087AFF (005 Sectors, 1 KB) -- End of erasing sectors -- Start of flash programming -- Programming range 0x00080000 - 0x000801FF (002 Sectors, 512 Bytes) -- Programming range 0x00080800 - 0x000809FF (002 Sectors, 512 Bytes) -- Programming range 0x00080B00 - 0x00080BFF (001 Sector, 256 Bytes)
 -- Programming range 0x00081200 - 0x000814FF (003 Sectors, 768 Bytes) -- Programming range 0x00081C00 - 0x00081CFF (001 Sector, 256 Bytes) -- Programming range 0x00082000 - 0x000821FF (002 Sectors, 512 Bytes) -- Programming range 0x00082400 - 0x000843FF (032 Sectors, 8 KB) -- Programming range 0x00084400 - 0x000863FF (032 Sectors, 8 KB) -- Programming range 0x00086400 - 0x000873FF (016 Sectors, 4 KB) -- Programming range 0x00087600 - 0x00087AFF (005 Sectors, 1 KB) -- End of flash programming
 -- 0x80000 - 0x801FF (002 Sectors, 512 Bytes) -- 0x80800 - 0x809FF (002 Sectors, 512 Bytes) -- 0x80B00 - 0x80BFF (001 Sector, 256 Bytes) -- 0x81200 - 0x814FF (003 Sectors, 768 Bytes) -- 0x81C00 - 0x81CFF (001 Sector, 256 Bytes) -- 0x82000 - 0x821FF (002 Sectors, 512 Bytes) -- 0x82400 - 0x873FF (080 Sectors, 20 KB) -- 0x87600 - 0x87AFF (005 Sectors, 1 KB) -- Start of verifying flash -- Checksum calculation was estimated as fastest method -- Checksum calculation was estimated as fastest method
 -- Checksum calculation was estimated as fastest method -- Checksum calculation was estimated as fastest method -- Checksum calculation was estimated as fastest method -- Checksum calculation was estimated as fastest method -- Checksum calculation was estimated as fastest method -- Checksum calculation was estimated as fastest method -- End of verifying flash -- Start of restoring -- Restore RAMCode -- Restore content of target memory -- Restore target -- Restore memory -- Restoring CPU registers
 -- End of restoring -- Flash programming performed for 8 ranges (24576 bytes) -- Total time needed: 0.926s (Prepare: 0.074s, Compare: 0.370s, Erase: 0.000s, Program: 0.455s, Verify: 0.021s, Restore: 0.004s)  returns 0x0008371C (0927ms, 5569ms total)
T22BC 12281:644 JLINK_EndDownload()  returns 0x00 (0000ms, 5569ms total)
T1CD4 12281:747 JLINK_Halt()  returns 0x00 (0000ms, 5569ms total)
T1CD4 12281:748 JLINK_ReadReg(R15 (PC))  returns 0x0008371C (0000ms, 5569ms total)
T1CD4 12281:748 JLINK_ReadReg(R13 (SP))  returns 0x20073260 (0000ms, 5569ms total)
T1CD4 12281:753 JLINK_ReadMemHW(0x0008371C, 0x0004 Bytes, ...) -- CPU_ReadMem(4 bytes @ 0x0008371C) - Data: 93 42 F3 D3  returns 0x00 (0001ms, 5570ms total)
T1CD4 12281:755 JLINK_ReadReg(R0)  returns 0x400E1A00 (0000ms, 5570ms total)
T1CD4 12281:755 JLINK_ReadReg(R1)  returns 0x00000000 (0000ms, 5570ms total)
T1CD4 12281:755 JLINK_ReadReg(R2)  returns 0xA5000004 (0000ms, 5570ms total)
T1CD4 12281:755 JLINK_ReadReg(R3)  returns 0x20070CDC (0000ms, 5570ms total)
T1CD4 12281:755 JLINK_ReadReg(R4)  returns 0xE9B3DF1D (0000ms, 5570ms total)
T1CD4 12281:755 JLINK_ReadReg(R5)  returns 0x9C52948D (0000ms, 5570ms total)
T1CD4 12281:755 JLINK_ReadReg(R6)  returns 0x425582A9 (0000ms, 5570ms total)
T1CD4 12281:755 JLINK_ReadReg(R7)  returns 0x20073230 (0000ms, 5570ms total)
T1CD4 12281:755 JLINK_ReadReg(R8)  returns 0x1980B009 (0000ms, 5570ms total)
T1CD4 12281:755 JLINK_ReadReg(R9)  returns 0x42515664 (0000ms, 5570ms total)
T1CD4 12281:755 JLINK_ReadReg(R10)  returns 0x8D8A5002 (0000ms, 5570ms total)
T1CD4 12281:755 JLINK_ReadReg(R11)  returns 0xD0057089 (0000ms, 5570ms total)
T1CD4 12281:755 JLINK_ReadReg(R12)  returns 0x00000000 (0000ms, 5570ms total)
T1CD4 12281:755 JLINK_ReadReg(R13 (SP))  returns 0x20073260 (0000ms, 5570ms total)
T1CD4 12281:755 JLINK_ReadReg(R14)  returns 0xFFFFFFFF (0000ms, 5570ms total)
T1CD4 12281:755 JLINK_ReadReg(R15 (PC))  returns 0x0008371C (0000ms, 5570ms total)
T1CD4 12281:755 JLINK_ReadReg(XPSR)  returns 0x01000000 (0000ms, 5570ms total)
T1CD4 12281:755 JLINK_ReadReg(MSP)  returns 0x20073260 (0001ms, 5571ms total)
T1CD4 12281:756 JLINK_ReadReg(PSP)  returns 0x49834900 (0000ms, 5571ms total)
T1CD4 12281:756 JLINK_ReadReg(PRIMASK)  returns 0x00000000 (0000ms, 5571ms total)
T1CD4 12281:756 JLINK_ReadReg(BASEPRI)  returns 0x00000000 (0000ms, 5571ms total)
T1CD4 12281:756 JLINK_ReadReg(FAULTMASK)  returns 0x00000000 (0000ms, 5571ms total)
T1CD4 12281:756 JLINK_ReadReg(CONTROL)  returns 0x00000000 (0000ms, 5571ms total)
T1CD4 12281:756 JLINK_ReadMemHW(0x0008371C, 0x0002 Bytes, ...) -- CPU_ReadMem(2 bytes @ 0x0008371C) - Data: 93 42  returns 0x00 (0001ms, 5572ms total)
T16F4 12281:790 JLINK_EMU_GetList(InterfaceMask = 0x00000001, MaxInfos = 0x00000032) [0]: USB, S/N: 28023070, [1]: USB, S/N: 29425026  returns 0x02 (0001ms, 5573ms total)
T1CD4 12281:832 JLINK_ReadReg(R0)  returns 0x400E1A00 (0000ms, 5573ms total)
T1CD4 12281:832 JLINK_ReadReg(R1)  returns 0x00000000 (0000ms, 5573ms total)
T1CD4 12281:832 JLINK_ReadReg(R2)  returns 0xA5000004 (0000ms, 5573ms total)
T1CD4 12281:832 JLINK_ReadReg(R3)  returns 0x20070CDC (0000ms, 5573ms total)
T1CD4 12281:832 JLINK_ReadReg(R4)  returns 0xE9B3DF1D (0000ms, 5573ms total)
T1CD4 12281:832 JLINK_ReadReg(R5)  returns 0x9C52948D (0000ms, 5573ms total)
T1CD4 12281:832 JLINK_ReadReg(R6)  returns 0x425582A9 (0000ms, 5573ms total)
T1CD4 12281:832 JLINK_ReadReg(R7)  returns 0x20073230 (0000ms, 5573ms total)
T1CD4 12281:832 JLINK_ReadReg(R8)  returns 0x1980B009 (0000ms, 5573ms total)
T1CD4 12281:832 JLINK_ReadReg(R9)  returns 0x42515664 (0000ms, 5573ms total)
T1CD4 12281:832 JLINK_ReadReg(R10)  returns 0x8D8A5002 (0000ms, 5573ms total)
T1CD4 12281:832 JLINK_ReadReg(R11)  returns 0xD0057089 (0000ms, 5573ms total)
T1CD4 12281:832 JLINK_ReadReg(R12)  returns 0x00000000 (0000ms, 5573ms total)
T1CD4 12281:832 JLINK_ReadReg(R13 (SP))  returns 0x20073260 (0000ms, 5573ms total)
T1CD4 12281:832 JLINK_ReadReg(R14)  returns 0xFFFFFFFF (0000ms, 5573ms total)
T1CD4 12281:832 JLINK_ReadReg(R15 (PC))  returns 0x0008371C (0000ms, 5573ms total)
T1CD4 12281:832 JLINK_ReadReg(XPSR)  returns 0x01000000 (0000ms, 5573ms total)
T1CD4 12281:832 JLINK_ReadReg(MSP)  returns 0x20073260 (0000ms, 5573ms total)
T1CD4 12281:832 JLINK_ReadReg(PSP)  returns 0x49834900 (0000ms, 5573ms total)
T1CD4 12281:832 JLINK_ReadReg(PRIMASK)  returns 0x00000000 (0000ms, 5573ms total)
T1CD4 12281:832 JLINK_ReadReg(BASEPRI)  returns 0x00000000 (0000ms, 5573ms total)
T1CD4 12281:832 JLINK_ReadReg(FAULTMASK)  returns 0x00000000 (0000ms, 5573ms total)
T1CD4 12281:832 JLINK_ReadReg(CONTROL)  returns 0x00000000 (0000ms, 5573ms total)
T06F4 12281:844 JLINK_IsHalted()  returns TRUE (0000ms, 5573ms total)
T1CD4 12281:850 JLINK_ReadMemHW(0x0008371C, 0x0004 Bytes, ...) -- CPU_ReadMem(4 bytes @ 0x0008371C) - Data: 93 42 F3 D3  returns 0x00 (0000ms, 5573ms total)
T1CD4 12281:861 JLINK_Reset() -- CPU_ReadMem(16 bytes @ 0x20000000) -- CPU_WriteMem(16 bytes @ 0x20000000) -- CPU_ReadMem(4 bytes @ 0xE000EDFC) -- CPU_WriteMem(4 bytes @ 0xE000EDFC) -- CPU_ReadMem(4 bytes @ 0xE0001000) -- CPU_WriteMem(4 bytes @ 0xE000ED0C) -- CPU_ReadMem(4 bytes @ 0xE000EDF0) -- CPU_ReadMem(4 bytes @ 0xE000EDF0) -- CPU_WriteMem(4 bytes @ 0xE000EDFC) -- CPU_WriteMem(16 bytes @ 0x20000000) -- CPU_WriteMem(4 bytes @ 0xE0002000) -- CPU_ReadMem(4 bytes @ 0xE000EDFC)
 -- CPU_ReadMem(4 bytes @ 0xE0001000) (0024ms, 5597ms total)
T06F4 12281:885 JLINK_IsHalted()  returns TRUE (0000ms, 5597ms total)
T06F4 12281:885 JLINK_GetMOEs(...) -- CPU_ReadMem(4 bytes @ 0xE000ED30) -- CPU_WriteMem(4 bytes @ 0xE000ED30)  returns 0x01 (0001ms, 5598ms total)
T06F4 12281:886 JLINK_ReadReg(R15 (PC))  returns 0x000836F0 (0000ms, 5598ms total)
T1CD4 12281:895 JLINK_ReadReg(R15 (PC))  returns 0x000836F0 (0000ms, 5598ms total)
T1CD4 12281:895 JLINK_ReadReg(R13 (SP))  returns 0x20073260 (0000ms, 5598ms total)
T1CD4 12281:895 JLINK_ReadMemHW(0x000836F0, 0x0004 Bytes, ...) -- CPU_ReadMem(4 bytes @ 0x000836F0) - Data: 80 B5 82 B0  returns 0x00 (0000ms, 5598ms total)
T1CD4 12281:926 JLINK_ReadMemHW(0x00082118, 0x0001 Bytes, ...) -- CPU_ReadMem(1 bytes @ 0x00082118) - Data: 90  returns 0x00 (0000ms, 5598ms total)
T1CD4 12281:948 JLINK_ReadReg(R15 (PC))  returns 0x000836F0 (0000ms, 5598ms total)
T1CD4 12281:948 JLINK_GetNumBPUnits(Type = 0xFFFFFF02)  returns 0x06 (0000ms, 5598ms total)
T1CD4 12281:948 JLINK_SetBPEx(Addr = 0x00082118, Type = 0xFFFFFF02)  returns 0x00000001 (0000ms, 5598ms total)
T1CD4 12281:948 JLINK_GetBPInfo(BPHandle = 1)  returns 0x00 (0000ms, 5598ms total)
T1CD4 12281:948 JLINK_Go() -- CPU_ReadMem(4 bytes @ 0xE0001000) -- CPU_WriteMem(4 bytes @ 0xE0002008) -- CPU_WriteMem(4 bytes @ 0xE000200C) -- CPU_WriteMem(4 bytes @ 0xE0002010) -- CPU_WriteMem(4 bytes @ 0xE0002014) -- CPU_WriteMem(4 bytes @ 0xE0002018) -- CPU_WriteMem(4 bytes @ 0xE000201C) -- CPU_WriteMem(4 bytes @ 0xE0001004) (0003ms, 5601ms total)
T06F4 12281:951 JLINK_IsHalted()  returns FALSE (0001ms, 5602ms total)
T06F4 12281:972 JLINK_IsHalted()  returns TRUE (0003ms, 5604ms total)
T06F4 12281:975 JLINK_GetMOEs(...) -- CPU_ReadMem(4 bytes @ 0xE000ED30) -- CPU_WriteMem(4 bytes @ 0xE000ED30)  returns 0x01 (0001ms, 5602ms total)
T06F4 12281:976 JLINK_ReadReg(R15 (PC))  returns 0x00082118 (0000ms, 5602ms total)
T06F4 12281:976 JLINK_WriteU32(0xE000EDFC, 0x01000000) -- CPU_WriteMem(4 bytes @ 0xE000EDFC)  returns 0x00 (0000ms, 5602ms total)
T06F4 12281:976 JLINK_ReadMem (0xE0001000, 0x0004 Bytes, ...) -- CPU_ReadMem(4 bytes @ 0xE0001000) - Data: 01 00 00 40  returns 0x00 (0000ms, 5602ms total)
T06F4 12281:976 JLINK_WriteU32(0xE0001000, 0x40000001)  returns 0x00 (0000ms, 5602ms total)
T06F4 12281:976 JLINK_WriteU32(0xE0001028, 0x00000100)  returns 0x00 (0000ms, 5602ms total)
T06F4 12281:976 JLINK_ReadMem (0xE0001028, 0x0004 Bytes, ...) -- CPU_WriteMem(4 bytes @ 0xE0001028) -- CPU_ReadMem(4 bytes @ 0xE0001028) - Data: 00 00 00 00  returns 0x00 (0001ms, 5603ms total)
T06F4 12281:977 JLINK_WriteU32(0xE0001024, 0x0000001F)  returns 0x00 (0000ms, 5603ms total)
T06F4 12281:977 JLINK_ReadMem (0xE0001024, 0x0004 Bytes, ...) -- CPU_WriteMem(4 bytes @ 0xE0001024) -- CPU_ReadMem(4 bytes @ 0xE0001024) - Data: 0F 00 00 00  returns 0x00 (0001ms, 5604ms total)
T06F4 12281:978 JLINK_WriteU32(0xE0001038, 0x00000100)  returns 0x00 (0000ms, 5604ms total)
T06F4 12281:978 JLINK_ReadMem (0xE0001038, 0x0004 Bytes, ...) -- CPU_WriteMem(4 bytes @ 0xE0001038) -- CPU_ReadMem(4 bytes @ 0xE0001038) - Data: 00 03 00 00  returns 0x00 (0001ms, 5605ms total)
T06F4 12281:979 JLINK_WriteU32(0xE0001034, 0x0000001F)  returns 0x00 (0000ms, 5605ms total)
T06F4 12281:979 JLINK_ReadMem (0xE0001034, 0x0004 Bytes, ...) -- CPU_WriteMem(4 bytes @ 0xE0001034) -- CPU_ReadMem(4 bytes @ 0xE0001034) - Data: 0F 00 00 00  returns 0x00 (0001ms, 5606ms total)
T06F4 12281:980 JLINK_WriteU32(0xE0001048, 0x00000100)  returns 0x00 (0000ms, 5606ms total)
T06F4 12281:980 JLINK_ReadMem (0xE0001048, 0x0004 Bytes, ...) -- CPU_WriteMem(4 bytes @ 0xE0001048) -- CPU_ReadMem(4 bytes @ 0xE0001048) - Data: 00 00 00 00  returns 0x00 (0000ms, 5606ms total)
T06F4 12281:980 JLINK_WriteU32(0xE0001044, 0x0000001F)  returns 0x00 (0000ms, 5606ms total)
T06F4 12281:980 JLINK_ReadMem (0xE0001044, 0x0004 Bytes, ...) -- CPU_WriteMem(4 bytes @ 0xE0001044) -- CPU_ReadMem(4 bytes @ 0xE0001044) - Data: 0F 00 00 00  returns 0x00 (0001ms, 5607ms total)
T06F4 12281:981 JLINK_WriteU32(0xE0001058, 0x00000100)  returns 0x00 (0000ms, 5607ms total)
T06F4 12281:981 JLINK_ReadMem (0xE0001058, 0x0004 Bytes, ...) -- CPU_WriteMem(4 bytes @ 0xE0001058) -- CPU_ReadMem(4 bytes @ 0xE0001058) - Data: 00 00 00 00  returns 0x00 (0001ms, 5608ms total)
T06F4 12281:982 JLINK_WriteU32(0xE0001054, 0x0000001F)  returns 0x00 (0000ms, 5608ms total)
T06F4 12281:982 JLINK_ReadMem (0xE0001054, 0x0004 Bytes, ...) -- CPU_WriteMem(4 bytes @ 0xE0001054) -- CPU_ReadMem(4 bytes @ 0xE0001054) - Data: 0F 00 00 00  returns 0x00 (0001ms, 5609ms total)
T06F4 12281:983 JLINK_WriteU32(0xE0001020, 0x00000000)  returns 0x00 (0000ms, 5609ms total)
T06F4 12281:983 JLINK_WriteU32(0xE0001024, 0x00000000)  returns 0x00 (0000ms, 5609ms total)
T06F4 12281:983 JLINK_WriteU32(0xE0001028, 0x00000000)  returns 0x00 (0000ms, 5609ms total)
T06F4 12281:983 JLINK_WriteU32(0xE0001030, 0x00000000)  returns 0x00 (0000ms, 5609ms total)
T06F4 12281:983 JLINK_WriteU32(0xE0001034, 0x00000000)  returns 0x00 (0000ms, 5609ms total)
T06F4 12281:983 JLINK_WriteU32(0xE0001038, 0x00000000)  returns 0x00 (0000ms, 5609ms total)
T06F4 12281:983 JLINK_WriteU32(0xE0001040, 0x00000000)  returns 0x00 (0000ms, 5609ms total)
T06F4 12281:983 JLINK_WriteU32(0xE0001044, 0x00000000)  returns 0x00 (0000ms, 5609ms total)
T06F4 12281:983 JLINK_WriteU32(0xE0001048, 0x00000000)  returns 0x00 (0000ms, 5609ms total)
T06F4 12281:983 JLINK_WriteU32(0xE0001050, 0x00000000)  returns 0x00 (0000ms, 5609ms total)
T06F4 12281:983 JLINK_WriteU32(0xE0001054, 0x00000000)  returns 0x00 (0000ms, 5609ms total)
T06F4 12281:983 JLINK_WriteU32(0xE0001058, 0x00000000)  returns 0x00 (0000ms, 5609ms total)
T06F4 12281:983 JLINK_GetBPInfo(BPHandle = 1)  returns 0x00 (0000ms, 5609ms total)
T06F4 12281:983 JLINK_ClrBPEx(BPHandle = 0x00000001)  returns 0x00 (0000ms, 5609ms total)
T1CD4 12281:992 JLINK_ReadReg(R15 (PC))  returns 0x00082118 (0000ms, 5609ms total)
T1CD4 12281:992 JLINK_ReadReg(R13 (SP))  returns 0x20073250 (0000ms, 5609ms total)
T1CD4 12281:992 JLINK_ReadMemHW(0x00082118, 0x0004 Bytes, ...) -- CPU_ReadMem(4 bytes @ 0x00082118) - Data: 90 B5 85 B0  returns 0x00 (0001ms, 5610ms total)
T06F4 12282:183 JLINK_IsHalted()  returns TRUE (0000ms, 5610ms total)
T06F4 12282:383 JLINK_IsHalted()  returns TRUE (0000ms, 5610ms total)
T06F4 12282:583 JLINK_IsHalted()  returns TRUE (0000ms, 5610ms total)
T06F4 12282:784 JLINK_IsHalted()  returns TRUE (0000ms, 5610ms total)
T06F4 12282:984 JLINK_IsHalted()  returns TRUE (0000ms, 5610ms total)
T16F4 12283:100 JLINK_EMU_GetList(InterfaceMask = 0x00000001, MaxInfos = 0x00000032) [0]: USB, S/N: 28023070, [1]: USB, S/N: 29425026  returns 0x02 (0000ms, 5610ms total)
T06F4 12283:185 JLINK_IsHalted()  returns TRUE (0000ms, 5610ms total)
T06F4 12283:385 JLINK_IsHalted()  returns TRUE (0000ms, 5610ms total)
T06F4 12283:585 JLINK_IsHalted()  returns TRUE (0000ms, 5610ms total)
T06F4 12283:785 JLINK_IsHalted()  returns TRUE (0000ms, 5610ms total)
T06F4 12283:986 JLINK_IsHalted()  returns TRUE (0000ms, 5610ms total)
T06F4 12284:186 JLINK_IsHalted()  returns TRUE (0000ms, 5610ms total)
T06F4 12284:386 JLINK_IsHalted()  returns TRUE (0000ms, 5610ms total)
T1CD4 12284:410 JLINK_ReadReg(R15 (PC))  returns 0x00082118 (0000ms, 5610ms total)
T1CD4 12284:410 JLINK_Go() -- CPU_WriteMem(4 bytes @ 0xE0001000) -- CPU_ReadMem(4 bytes @ 0xE0001000) -- CPU_WriteMem(4 bytes @ 0xE0001020) -- CPU_WriteMem(4 bytes @ 0xE0001030) -- CPU_WriteMem(4 bytes @ 0xE0001040) -- CPU_WriteMem(4 bytes @ 0xE0001050) -- CPU_WriteMem(4 bytes @ 0xE0001024) -- CPU_WriteMem(4 bytes @ 0xE0001034) -- CPU_WriteMem(4 bytes @ 0xE0001044) -- CPU_WriteMem(4 bytes @ 0xE0001054) -- CPU_WriteMem(4 bytes @ 0xE0001028) -- CPU_WriteMem(4 bytes @ 0xE0001038)
 -- CPU_WriteMem(4 bytes @ 0xE0001048) -- CPU_WriteMem(4 bytes @ 0xE0001058) -- CPU_WriteMem(4 bytes @ 0xE0002008) (0005ms, 5615ms total)
T06F4 12284:415 JLINK_IsHalted()  returns FALSE (0000ms, 5615ms total)
T16F4 12284:415 JLINK_EMU_GetList(InterfaceMask = 0x00000001, MaxInfos = 0x00000032) [0]: USB, S/N: 28023070, [1]: USB, S/N: 29425026  returns 0x02 (0000ms, 5615ms total)
T06F4 12284:455 JLINK_IsHalted()  returns FALSE (0000ms, 5615ms total)
T06F4 12284:616 JLINK_IsHalted()  returns FALSE (0000ms, 5615ms total)
T06F4 12284:816 JLINK_IsHalted()  returns FALSE (0000ms, 5615ms total)
T06F4 12285:017 JLINK_IsHalted()  returns FALSE (0000ms, 5615ms total)
T06F4 12285:217 JLINK_IsHalted()  returns FALSE (0000ms, 5615ms total)
T06F4 12285:417 JLINK_IsHalted()  returns FALSE (0000ms, 5615ms total)
T06F4 12285:618 JLINK_IsHalted()  returns FALSE (0000ms, 5615ms total)
T16F4 12285:725 JLINK_EMU_GetList(InterfaceMask = 0x00000001, MaxInfos = 0x00000032) [0]: USB, S/N: 28023070, [1]: USB, S/N: 29425026  returns 0x02 (0000ms, 5615ms total)
T06F4 12285:818 JLINK_IsHalted()  returns FALSE (0000ms, 5615ms total)
T06F4 12286:018 JLINK_IsHalted()  returns FALSE (0000ms, 5615ms total)
T06F4 12286:218 JLINK_IsHalted()  returns FALSE (0000ms, 5615ms total)
T06F4 12286:419 JLINK_IsHalted()  returns FALSE (0000ms, 5615ms total)
T06F4 12286:619 JLINK_IsHalted()  returns FALSE (0000ms, 5615ms total)
T06F4 12286:819 JLINK_IsHalted()  returns FALSE (0000ms, 5615ms total)
T06F4 12287:019 JLINK_IsHalted()  returns FALSE (0000ms, 5615ms total)
T16F4 12287:037 JLINK_EMU_GetList(InterfaceMask = 0x00000001, MaxInfos = 0x00000032) [0]: USB, S/N: 28023070, [1]: USB, S/N: 29425026  returns 0x02 (0000ms, 5615ms total)
T06F4 12287:220 JLINK_IsHalted()  returns FALSE (0000ms, 5615ms total)
T06F4 12287:421 JLINK_IsHalted()  returns FALSE (0001ms, 5616ms total)
T06F4 12287:623 JLINK_IsHalted()  returns FALSE (0000ms, 5615ms total)
T06F4 12287:823 JLINK_IsHalted()  returns FALSE (0000ms, 5615ms total)
T06F4 12288:023 JLINK_IsHalted()  returns FALSE (0000ms, 5615ms total)
T06F4 12288:223 JLINK_IsHalted()  returns FALSE (0000ms, 5615ms total)
T16F4 12288:356 JLINK_EMU_GetList(InterfaceMask = 0x00000001, MaxInfos = 0x00000032) [0]: USB, S/N: 28023070, [1]: USB, S/N: 29425026  returns 0x02 (0001ms, 5616ms total)
T06F4 12288:423 JLINK_IsHalted()  returns FALSE (0000ms, 5616ms total)
T06F4 12288:624 JLINK_IsHalted()  returns FALSE (0000ms, 5616ms total)
T06F4 12288:825 JLINK_IsHalted()  returns FALSE (0000ms, 5616ms total)
T06F4 12289:025 JLINK_IsHalted()  returns FALSE (0000ms, 5616ms total)
T06F4 12289:226 JLINK_IsHalted()  returns FALSE (0000ms, 5616ms total)
T06F4 12289:427 JLINK_IsHalted()  returns FALSE (0000ms, 5616ms total)
T06F4 12289:627 JLINK_IsHalted()  returns FALSE (0000ms, 5616ms total)
T16F4 12289:674 JLINK_EMU_GetList(InterfaceMask = 0x00000001, MaxInfos = 0x00000032) [0]: USB, S/N: 28023070, [1]: USB, S/N: 29425026  returns 0x02 (0000ms, 5616ms total)
T06F4 12289:827 JLINK_IsHalted()  returns FALSE (0000ms, 5616ms total)
T06F4 12290:027 JLINK_IsHalted()  returns FALSE (0000ms, 5616ms total)
T06F4 12290:227 JLINK_IsHalted()  returns FALSE (0000ms, 5616ms total)
T06F4 12290:427 JLINK_IsHalted()  returns FALSE (0000ms, 5616ms total)
T06F4 12290:627 JLINK_IsHalted()  returns FALSE (0000ms, 5616ms total)
T06F4 12290:828 JLINK_IsHalted()  returns FALSE (0000ms, 5616ms total)
T16F4 12290:993 JLINK_EMU_GetList(InterfaceMask = 0x00000001, MaxInfos = 0x00000032) [0]: USB, S/N: 28023070, [1]: USB, S/N: 29425026  returns 0x02 (0001ms, 5617ms total)
T06F4 12291:028 JLINK_IsHalted()  returns FALSE (0000ms, 5617ms total)
T06F4 12291:228 JLINK_IsHalted()  returns FALSE (0000ms, 5617ms total)
T06F4 12291:428 JLINK_IsHalted()  returns FALSE (0000ms, 5617ms total)
T06F4 12291:629 JLINK_IsHalted()  returns FALSE (0000ms, 5617ms total)
T06F4 12291:829 JLINK_IsHalted()  returns FALSE (0000ms, 5617ms total)
T06F4 12292:030 JLINK_IsHalted()  returns FALSE (0000ms, 5617ms total)
T06F4 12292:230 JLINK_IsHalted()  returns FALSE (0000ms, 5617ms total)
T16F4 12292:312 JLINK_EMU_GetList(InterfaceMask = 0x00000001, MaxInfos = 0x00000032) [0]: USB, S/N: 28023070, [1]: USB, S/N: 29425026  returns 0x02 (0001ms, 5618ms total)
T06F4 12292:430 JLINK_IsHalted()  returns FALSE (0000ms, 5618ms total)
T06F4 12292:630 JLINK_IsHalted()  returns FALSE (0000ms, 5618ms total)
T06F4 12292:831 JLINK_IsHalted()  returns FALSE (0000ms, 5618ms total)
T06F4 12293:031 JLINK_IsHalted()  returns FALSE (0000ms, 5618ms total)
T06F4 12293:232 JLINK_IsHalted()  returns FALSE (0000ms, 5618ms total)
T06F4 12293:433 JLINK_IsHalted()  returns FALSE (0000ms, 5618ms total)
T16F4 12293:630 JLINK_EMU_GetList(InterfaceMask = 0x00000001, MaxInfos = 0x00000032) [0]: USB, S/N: 28023070, [1]: USB, S/N: 29425026  returns 0x02 (0000ms, 5618ms total)
T06F4 12293:633 JLINK_IsHalted()  returns FALSE (0000ms, 5619ms total)
T06F4 12293:834 JLINK_IsHalted()  returns FALSE (0000ms, 5619ms total)
T06F4 12294:035 JLINK_IsHalted()  returns FALSE (0000ms, 5619ms total)
T06F4 12294:236 JLINK_IsHalted()  returns FALSE (0000ms, 5619ms total)
T06F4 12294:436 JLINK_IsHalted()  returns FALSE (0000ms, 5619ms total)
T06F4 12294:637 JLINK_IsHalted()  returns FALSE (0000ms, 5619ms total)
T06F4 12294:837 JLINK_IsHalted()  returns FALSE (0000ms, 5619ms total)
T16F4 12294:950 JLINK_EMU_GetList(InterfaceMask = 0x00000001, MaxInfos = 0x00000032) [0]: USB, S/N: 28023070, [1]: USB, S/N: 29425026  returns 0x02 (0001ms, 5620ms total)
T06F4 12295:037 JLINK_IsHalted()  returns FALSE (0000ms, 5620ms total)
T06F4 12295:237 JLINK_IsHalted()  returns FALSE (0000ms, 5620ms total)
T06F4 12295:437 JLINK_IsHalted()  returns FALSE (0000ms, 5620ms total)
T06F4 12295:637 JLINK_IsHalted()  returns FALSE (0000ms, 5620ms total)
T06F4 12295:837 JLINK_IsHalted()  returns FALSE (0000ms, 5620ms total)
T06F4 12296:038 JLINK_IsHalted()  returns FALSE (0000ms, 5620ms total)
T06F4 12296:238 JLINK_IsHalted()  returns FALSE (0000ms, 5620ms total)
T16F4 12296:269 JLINK_EMU_GetList(InterfaceMask = 0x00000001, MaxInfos = 0x00000032) [0]: USB, S/N: 28023070, [1]: USB, S/N: 29425026  returns 0x02 (0001ms, 5621ms total)
T06F4 12296:438 JLINK_IsHalted()  returns FALSE (0000ms, 5621ms total)
T06F4 12296:638 JLINK_IsHalted()  returns FALSE (0000ms, 5621ms total)
T06F4 12296:838 JLINK_IsHalted()  returns FALSE (0000ms, 5621ms total)
T06F4 12297:038 JLINK_IsHalted()  returns FALSE (0000ms, 5621ms total)
T06F4 12297:238 JLINK_IsHalted()  returns FALSE (0000ms, 5621ms total)
T06F4 12297:439 JLINK_IsHalted()  returns FALSE (0000ms, 5621ms total)
T16F4 12297:588 JLINK_EMU_GetList(InterfaceMask = 0x00000001, MaxInfos = 0x00000032) [0]: USB, S/N: 28023070, [1]: USB, S/N: 29425026  returns 0x02 (0000ms, 5621ms total)
T06F4 12297:639 JLINK_IsHalted()  returns FALSE (0000ms, 5621ms total)
T06F4 12297:839 JLINK_IsHalted()  returns FALSE (0000ms, 5621ms total)
T06F4 12298:039 JLINK_IsHalted()  returns FALSE (0000ms, 5621ms total)
T06F4 12298:239 JLINK_IsHalted()  returns FALSE (0000ms, 5621ms total)
T06F4 12298:439 JLINK_IsHalted()  returns FALSE (0000ms, 5621ms total)
T06F4 12298:640 JLINK_IsHalted()  returns FALSE (0000ms, 5621ms total)
T06F4 12298:840 JLINK_IsHalted()  returns FALSE (0000ms, 5621ms total)
T16F4 12298:906 JLINK_EMU_GetList(InterfaceMask = 0x00000001, MaxInfos = 0x00000032) [0]: USB, S/N: 28023070, [1]: USB, S/N: 29425026  returns 0x02 (0000ms, 5621ms total)
T06F4 12299:041 JLINK_IsHalted()  returns FALSE (0000ms, 5621ms total)
T06F4 12299:241 JLINK_IsHalted()  returns FALSE (0000ms, 5621ms total)
T06F4 12299:442 JLINK_IsHalted()  returns FALSE (0000ms, 5621ms total)
T06F4 12299:643 JLINK_IsHalted()  returns FALSE (0000ms, 5621ms total)
T06F4 12299:843 JLINK_IsHalted()  returns FALSE (0000ms, 5621ms total)
T06F4 12300:044 JLINK_IsHalted()  returns FALSE (0000ms, 5621ms total)
T16F4 12300:223 JLINK_EMU_GetList(InterfaceMask = 0x00000001, MaxInfos = 0x00000032) [0]: USB, S/N: 28023070, [1]: USB, S/N: 29425026  returns 0x02 (0000ms, 5621ms total)
T06F4 12300:244 JLINK_IsHalted()  returns FALSE (0000ms, 5621ms total)
T06F4 12300:445 JLINK_IsHalted()  returns FALSE (0000ms, 5621ms total)
T06F4 12300:646 JLINK_IsHalted()  returns FALSE (0000ms, 5621ms total)
T06F4 12300:846 JLINK_IsHalted()  returns FALSE (0000ms, 5621ms total)
T06F4 12301:048 JLINK_IsHalted()  returns FALSE (0000ms, 5621ms total)
T06F4 12301:249 JLINK_IsHalted()  returns FALSE (0000ms, 5621ms total)
T06F4 12301:449 JLINK_IsHalted()  returns FALSE (0000ms, 5621ms total)
T16F4 12301:541 JLINK_EMU_GetList(InterfaceMask = 0x00000001, MaxInfos = 0x00000032) [0]: USB, S/N: 28023070, [1]: USB, S/N: 29425026  returns 0x02 (0000ms, 5621ms total)
T06F4 12301:649 JLINK_IsHalted()  returns FALSE (0000ms, 5621ms total)
T06F4 12301:850 JLINK_IsHalted()  returns FALSE (0000ms, 5621ms total)
T06F4 12302:051 JLINK_IsHalted()  returns FALSE (0000ms, 5621ms total)
T06F4 12302:251 JLINK_IsHalted()  returns FALSE (0000ms, 5621ms total)
T06F4 12302:452 JLINK_IsHalted()  returns FALSE (0000ms, 5621ms total)
T06F4 12302:652 JLINK_IsHalted()  returns FALSE (0000ms, 5621ms total)
T06F4 12302:852 JLINK_IsHalted()  returns FALSE (0000ms, 5621ms total)
T16F4 12302:858 JLINK_EMU_GetList(InterfaceMask = 0x00000001, MaxInfos = 0x00000032) [0]: USB, S/N: 28023070, [1]: USB, S/N: 29425026  returns 0x02 (0001ms, 5622ms total)
T06F4 12303:052 JLINK_IsHalted()  returns FALSE (0000ms, 5622ms total)
T06F4 12303:252 JLINK_IsHalted()  returns FALSE (0000ms, 5622ms total)
T06F4 12303:452 JLINK_IsHalted()  returns FALSE (0000ms, 5622ms total)
T06F4 12303:653 JLINK_IsHalted()  returns FALSE (0000ms, 5622ms total)
T06F4 12303:853 JLINK_IsHalted()  returns FALSE (0000ms, 5622ms total)
T06F4 12304:053 JLINK_IsHalted()  returns FALSE (0000ms, 5622ms total)
T16F4 12304:177 JLINK_EMU_GetList(InterfaceMask = 0x00000001, MaxInfos = 0x00000032) [0]: USB, S/N: 28023070, [1]: USB, S/N: 29425026  returns 0x02 (0000ms, 5622ms total)
T06F4 12304:253 JLINK_IsHalted()  returns FALSE (0000ms, 5622ms total)
T06F4 12304:453 JLINK_IsHalted()  returns FALSE (0000ms, 5622ms total)
T06F4 12304:653 JLINK_IsHalted()  returns FALSE (0000ms, 5622ms total)
T06F4 12304:853 JLINK_IsHalted()  returns FALSE (0000ms, 5622ms total)
T06F4 12305:055 JLINK_IsHalted()  returns FALSE (0000ms, 5622ms total)
T06F4 12305:255 JLINK_IsHalted()  returns FALSE (0000ms, 5622ms total)
T06F4 12305:456 JLINK_IsHalted()  returns FALSE (0001ms, 5623ms total)
T16F4 12305:495 JLINK_EMU_GetList(InterfaceMask = 0x00000001, MaxInfos = 0x00000032) [0]: USB, S/N: 28023070, [1]: USB, S/N: 29425026  returns 0x02 (0001ms, 5623ms total)
T06F4 12305:657 JLINK_IsHalted()  returns FALSE (0000ms, 5623ms total)
T06F4 12305:857 JLINK_IsHalted()  returns FALSE (0000ms, 5623ms total)
T06F4 12306:058 JLINK_IsHalted()  returns FALSE (0000ms, 5623ms total)
T06F4 12306:258 JLINK_IsHalted()  returns FALSE (0000ms, 5623ms total)
T06F4 12306:458 JLINK_IsHalted()  returns FALSE (0000ms, 5623ms total)
T06F4 12306:658 JLINK_IsHalted()  returns FALSE (0000ms, 5623ms total)
T16F4 12306:812 JLINK_EMU_GetList(InterfaceMask = 0x00000001, MaxInfos = 0x00000032) [0]: USB, S/N: 28023070, [1]: USB, S/N: 29425026  returns 0x02 (0001ms, 5624ms total)
T06F4 12306:858 JLINK_IsHalted()  returns FALSE (0000ms, 5624ms total)
T06F4 12307:059 JLINK_IsHalted()  returns FALSE (0000ms, 5624ms total)
T06F4 12307:259 JLINK_IsHalted()  returns FALSE (0000ms, 5624ms total)
T06F4 12307:459 JLINK_IsHalted()  returns FALSE (0000ms, 5624ms total)
T06F4 12307:659 JLINK_IsHalted()  returns FALSE (0000ms, 5624ms total)
T06F4 12307:859 JLINK_IsHalted()  returns FALSE (0000ms, 5624ms total)
T06F4 12308:059 JLINK_IsHalted()  returns FALSE (0000ms, 5624ms total)
T16F4 12308:131 JLINK_EMU_GetList(InterfaceMask = 0x00000001, MaxInfos = 0x00000032) [0]: USB, S/N: 28023070, [1]: USB, S/N: 29425026  returns 0x02 (0000ms, 5624ms total)
T06F4 12308:259 JLINK_IsHalted()  returns FALSE (0000ms, 5624ms total)
T06F4 12308:460 JLINK_IsHalted()  returns FALSE (0000ms, 5624ms total)
T06F4 12308:660 JLINK_IsHalted()  returns FALSE (0000ms, 5624ms total)
T06F4 12308:861 JLINK_IsHalted()  returns FALSE (0000ms, 5624ms total)
T06F4 12309:061 JLINK_IsHalted()  returns FALSE (0000ms, 5624ms total)
T06F4 12309:261 JLINK_IsHalted()  returns FALSE (0000ms, 5624ms total)
T16F4 12309:450 JLINK_EMU_GetList(InterfaceMask = 0x00000001, MaxInfos = 0x00000032) [0]: USB, S/N: 28023070, [1]: USB, S/N: 29425026  returns 0x02 (0000ms, 5624ms total)
T06F4 12309:461 JLINK_IsHalted()  returns FALSE (0000ms, 5624ms total)
T06F4 12309:661 JLINK_IsHalted()  returns FALSE (0000ms, 5624ms total)
T06F4 12309:861 JLINK_IsHalted()  returns FALSE (0000ms, 5624ms total)
T06F4 12310:061 JLINK_IsHalted()  returns FALSE (0000ms, 5624ms total)
T06F4 12310:262 JLINK_IsHalted()  returns FALSE (0000ms, 5624ms total)
T06F4 12310:462 JLINK_IsHalted()  returns FALSE (0000ms, 5624ms total)
T06F4 12310:662 JLINK_IsHalted()  returns FALSE (0000ms, 5624ms total)
T16F4 12310:767 JLINK_EMU_GetList(InterfaceMask = 0x00000001, MaxInfos = 0x00000032) [0]: USB, S/N: 28023070, [1]: USB, S/N: 29425026  returns 0x02 (0000ms, 5624ms total)
T06F4 12310:862 JLINK_IsHalted()  returns FALSE (0000ms, 5624ms total)
T06F4 12311:063 JLINK_IsHalted()  returns FALSE (0000ms, 5624ms total)
T06F4 12311:263 JLINK_IsHalted()  returns FALSE (0000ms, 5624ms total)
T06F4 12311:463 JLINK_IsHalted()  returns FALSE (0000ms, 5624ms total)
T06F4 12311:663 JLINK_IsHalted()  returns FALSE (0000ms, 5624ms total)
T06F4 12311:863 JLINK_IsHalted()  returns FALSE (0000ms, 5624ms total)
T06F4 12312:063 JLINK_IsHalted()  returns FALSE (0024ms, 5648ms total)
T16F4 12312:098 JLINK_EMU_GetList(InterfaceMask = 0x00000001, MaxInfos = 0x00000032) [0]: USB, S/N: 28023070, [1]: USB, S/N: 29425026  returns 0x02 (0001ms, 5625ms total)
T06F4 12312:289 JLINK_IsHalted()  returns FALSE (0000ms, 5625ms total)
T06F4 12312:489 JLINK_IsHalted()  returns FALSE (0000ms, 5625ms total)
T06F4 12312:689 JLINK_IsHalted()  returns FALSE (0000ms, 5625ms total)
T06F4 12312:889 JLINK_IsHalted()  returns FALSE (0000ms, 5625ms total)
T06F4 12313:090 JLINK_IsHalted()  returns FALSE (0000ms, 5625ms total)
T06F4 12313:290 JLINK_IsHalted()  returns FALSE (0000ms, 5625ms total)
T16F4 12313:417 JLINK_EMU_GetList(InterfaceMask = 0x00000001, MaxInfos = 0x00000032) [0]: USB, S/N: 28023070, [1]: USB, S/N: 29425026  returns 0x02 (0000ms, 5625ms total)
T06F4 12313:491 JLINK_IsHalted()  returns FALSE (0000ms, 5625ms total)
T06F4 12313:691 JLINK_IsHalted()  returns FALSE (0000ms, 5625ms total)
T06F4 12313:891 JLINK_IsHalted()  returns FALSE (0000ms, 5625ms total)
T06F4 12314:091 JLINK_IsHalted()  returns FALSE (0000ms, 5625ms total)
T06F4 12314:291 JLINK_IsHalted()  returns FALSE (0000ms, 5625ms total)
T06F4 12314:492 JLINK_IsHalted()  returns FALSE (0000ms, 5625ms total)
T06F4 12314:692 JLINK_IsHalted()  returns FALSE (0000ms, 5625ms total)
T16F4 12314:735 JLINK_EMU_GetList(InterfaceMask = 0x00000001, MaxInfos = 0x00000032) [0]: USB, S/N: 28023070, [1]: USB, S/N: 29425026  returns 0x02 (0000ms, 5625ms total)
T06F4 12314:892 JLINK_IsHalted()  returns FALSE (0000ms, 5626ms total)
T06F4 12315:093 JLINK_IsHalted()  returns FALSE (0000ms, 5626ms total)
T06F4 12315:293 JLINK_IsHalted()  returns FALSE (0000ms, 5626ms total)
T06F4 12315:493 JLINK_IsHalted()  returns FALSE (0000ms, 5626ms total)
T06F4 12315:694 JLINK_IsHalted()  returns FALSE (0000ms, 5626ms total)
T06F4 12315:895 JLINK_IsHalted()  returns FALSE (0000ms, 5626ms total)
T16F4 12316:053 JLINK_EMU_GetList(InterfaceMask = 0x00000001, MaxInfos = 0x00000032) [0]: USB, S/N: 28023070, [1]: USB, S/N: 29425026  returns 0x02 (0000ms, 5626ms total)
T06F4 12316:095 JLINK_IsHalted()  returns FALSE (0000ms, 5626ms total)
T06F4 12316:296 JLINK_IsHalted()  returns FALSE (0000ms, 5626ms total)
T06F4 12316:496 JLINK_IsHalted()  returns FALSE (0000ms, 5626ms total)
T06F4 12316:696 JLINK_IsHalted()  returns FALSE (0000ms, 5626ms total)
T06F4 12316:896 JLINK_IsHalted()  returns FALSE (0000ms, 5626ms total)
T06F4 12317:097 JLINK_IsHalted()  returns FALSE (0000ms, 5626ms total)
T06F4 12317:297 JLINK_IsHalted()  returns FALSE (0000ms, 5626ms total)
T16F4 12317:371 JLINK_EMU_GetList(InterfaceMask = 0x00000001, MaxInfos = 0x00000032) [0]: USB, S/N: 28023070, [1]: USB, S/N: 29425026  returns 0x02 (0000ms, 5626ms total)
T06F4 12317:498 JLINK_IsHalted()  returns FALSE (0000ms, 5626ms total)
T06F4 12317:698 JLINK_IsHalted()  returns FALSE (0000ms, 5626ms total)
T06F4 12317:898 JLINK_IsHalted()  returns FALSE (0000ms, 5626ms total)
T06F4 12318:099 JLINK_IsHalted()  returns FALSE (0000ms, 5626ms total)
T06F4 12318:299 JLINK_IsHalted()  returns FALSE (0000ms, 5626ms total)
T06F4 12318:499 JLINK_IsHalted()  returns FALSE (0000ms, 5626ms total)
T16F4 12318:690 JLINK_EMU_GetList(InterfaceMask = 0x00000001, MaxInfos = 0x00000032) [0]: USB, S/N: 28023070, [1]: USB, S/N: 29425026  returns 0x02 (0000ms, 5626ms total)
T06F4 12318:699 JLINK_IsHalted()  returns FALSE (0000ms, 5626ms total)
T06F4 12318:899 JLINK_IsHalted()  returns FALSE (0000ms, 5626ms total)
T06F4 12319:099 JLINK_IsHalted()  returns FALSE (0000ms, 5626ms total)
T06F4 12319:300 JLINK_IsHalted()  returns FALSE (0000ms, 5626ms total)
T06F4 12319:500 JLINK_IsHalted()  returns FALSE (0000ms, 5626ms total)
T06F4 12319:700 JLINK_IsHalted()  returns FALSE (0000ms, 5626ms total)
T06F4 12319:900 JLINK_IsHalted()  returns FALSE (0000ms, 5626ms total)
T16F4 12320:007 JLINK_EMU_GetList(InterfaceMask = 0x00000001, MaxInfos = 0x00000032) [0]: USB, S/N: 28023070, [1]: USB, S/N: 29425026  returns 0x02 (0000ms, 5626ms total)
T06F4 12320:101 JLINK_IsHalted()  returns FALSE (0000ms, 5626ms total)
T06F4 12320:301 JLINK_IsHalted()  returns FALSE (0000ms, 5626ms total)
T06F4 12320:501 JLINK_IsHalted()  returns FALSE (0000ms, 5626ms total)
T06F4 12320:701 JLINK_IsHalted()  returns FALSE (0000ms, 5626ms total)
T06F4 12320:902 JLINK_IsHalted()  returns FALSE (0000ms, 5626ms total)
T06F4 12321:102 JLINK_IsHalted()  returns FALSE (0000ms, 5626ms total)
T06F4 12321:302 JLINK_IsHalted()  returns FALSE (0000ms, 5626ms total)
T16F4 12321:325 JLINK_EMU_GetList(InterfaceMask = 0x00000001, MaxInfos = 0x00000032) [0]: USB, S/N: 28023070, [1]: USB, S/N: 29425026  returns 0x02 (0000ms, 5626ms total)
T06F4 12321:503 JLINK_IsHalted()  returns FALSE (0000ms, 5626ms total)
T06F4 12321:703 JLINK_IsHalted()  returns FALSE (0000ms, 5626ms total)
T06F4 12321:903 JLINK_IsHalted()  returns FALSE (0000ms, 5626ms total)
T06F4 12322:103 JLINK_IsHalted()  returns FALSE (0000ms, 5626ms total)
T06F4 12322:304 JLINK_IsHalted()  returns FALSE (0000ms, 5626ms total)
T06F4 12322:505 JLINK_IsHalted()  returns FALSE (0000ms, 5626ms total)
T16F4 12322:643 JLINK_EMU_GetList(InterfaceMask = 0x00000001, MaxInfos = 0x00000032) [0]: USB, S/N: 28023070, [1]: USB, S/N: 29425026  returns 0x02 (0000ms, 5626ms total)
T06F4 12322:705 JLINK_IsHalted()  returns FALSE (0000ms, 5626ms total)
T06F4 12322:905 JLINK_IsHalted()  returns FALSE (0000ms, 5626ms total)
T06F4 12323:106 JLINK_IsHalted()  returns FALSE (0000ms, 5626ms total)
T06F4 12323:306 JLINK_IsHalted()  returns FALSE (0000ms, 5626ms total)
T06F4 12323:506 JLINK_IsHalted()  returns FALSE (0000ms, 5626ms total)
T06F4 12323:707 JLINK_IsHalted()  returns FALSE (0000ms, 5626ms total)
T06F4 12323:907 JLINK_IsHalted()  returns FALSE (0000ms, 5626ms total)
T16F4 12323:962 JLINK_EMU_GetList(InterfaceMask = 0x00000001, MaxInfos = 0x00000032) [0]: USB, S/N: 28023070, [1]: USB, S/N: 29425026  returns 0x02 (0000ms, 5626ms total)
T06F4 12324:108 JLINK_IsHalted()  returns FALSE (0000ms, 5626ms total)
T06F4 12324:309 JLINK_IsHalted()  returns FALSE (0000ms, 5626ms total)
T06F4 12324:510 JLINK_IsHalted()  returns FALSE (0000ms, 5626ms total)
T06F4 12324:710 JLINK_IsHalted()  returns FALSE (0000ms, 5626ms total)
T06F4 12324:910 JLINK_IsHalted()  returns FALSE (0000ms, 5626ms total)
T06F4 12325:111 JLINK_IsHalted()  returns FALSE (0000ms, 5626ms total)
T16F4 12325:279 JLINK_EMU_GetList(InterfaceMask = 0x00000001, MaxInfos = 0x00000032) [0]: USB, S/N: 28023070, [1]: USB, S/N: 29425026  returns 0x02 (0000ms, 5626ms total)
T06F4 12325:311 JLINK_IsHalted()  returns FALSE (0000ms, 5626ms total)
T06F4 12325:511 JLINK_IsHalted()  returns FALSE (0000ms, 5626ms total)
T06F4 12325:711 JLINK_IsHalted()  returns FALSE (0000ms, 5626ms total)
T06F4 12325:912 JLINK_IsHalted()  returns FALSE (0000ms, 5626ms total)
T06F4 12326:112 JLINK_IsHalted()  returns FALSE (0000ms, 5626ms total)
T06F4 12326:312 JLINK_IsHalted()  returns FALSE (0000ms, 5626ms total)
T06F4 12326:512 JLINK_IsHalted()  returns FALSE (0000ms, 5626ms total)
T16F4 12326:597 JLINK_EMU_GetList(InterfaceMask = 0x00000001, MaxInfos = 0x00000032) [0]: USB, S/N: 28023070, [1]: USB, S/N: 29425026  returns 0x02 (0000ms, 5626ms total)
T06F4 12326:713 JLINK_IsHalted()  returns FALSE (0000ms, 5626ms total)
T06F4 12326:913 JLINK_IsHalted()  returns FALSE (0000ms, 5626ms total)
T06F4 12327:114 JLINK_IsHalted()  returns FALSE (0000ms, 5626ms total)
T06F4 12327:314 JLINK_IsHalted()  returns FALSE (0000ms, 5626ms total)
T06F4 12327:514 JLINK_IsHalted()  returns FALSE (0000ms, 5626ms total)
T06F4 12327:714 JLINK_IsHalted()  returns FALSE (0000ms, 5626ms total)
T06F4 12327:914 JLINK_IsHalted()  returns FALSE (0000ms, 5626ms total)
T16F4 12327:915 JLINK_EMU_GetList(InterfaceMask = 0x00000001, MaxInfos = 0x00000032) [0]: USB, S/N: 28023070, [1]: USB, S/N: 29425026  returns 0x02 (0000ms, 5626ms total)
T06F4 12328:114 JLINK_IsHalted()  returns FALSE (0000ms, 5626ms total)
T06F4 12328:315 JLINK_IsHalted()  returns FALSE (0000ms, 5626ms total)
T06F4 12328:516 JLINK_IsHalted()  returns FALSE (0000ms, 5626ms total)
T06F4 12328:717 JLINK_IsHalted()  returns FALSE (0000ms, 5626ms total)
T06F4 12328:918 JLINK_IsHalted()  returns FALSE (0000ms, 5626ms total)
T06F4 12329:119 JLINK_IsHalted()  returns FALSE (0000ms, 5626ms total)
T16F4 12329:233 JLINK_EMU_GetList(InterfaceMask = 0x00000001, MaxInfos = 0x00000032) [0]: USB, S/N: 28023070, [1]: USB, S/N: 29425026  returns 0x02 (0000ms, 5626ms total)
T06F4 12329:319 JLINK_IsHalted()  returns FALSE (0000ms, 5626ms total)
T06F4 12329:519 JLINK_IsHalted()  returns FALSE (0000ms, 5626ms total)
T06F4 12329:719 JLINK_IsHalted()  returns FALSE (0000ms, 5626ms total)
T06F4 12329:920 JLINK_IsHalted()  returns FALSE (0000ms, 5626ms total)
T06F4 12330:120 JLINK_IsHalted()  returns FALSE (0000ms, 5626ms total)
T06F4 12330:320 JLINK_IsHalted()  returns FALSE (0000ms, 5626ms total)
T06F4 12330:520 JLINK_IsHalted()  returns FALSE (0000ms, 5626ms total)
T16F4 12330:552 JLINK_EMU_GetList(InterfaceMask = 0x00000001, MaxInfos = 0x00000032) [0]: USB, S/N: 28023070, [1]: USB, S/N: 29425026  returns 0x02 (0001ms, 5627ms total)
T06F4 12330:720 JLINK_IsHalted()  returns FALSE (0000ms, 5627ms total)
T06F4 12330:921 JLINK_IsHalted()  returns FALSE (0000ms, 5627ms total)
T06F4 12331:121 JLINK_IsHalted()  returns FALSE (0000ms, 5627ms total)
T06F4 12331:321 JLINK_IsHalted()  returns FALSE (0000ms, 5627ms total)
T06F4 12331:522 JLINK_IsHalted()  returns FALSE (0000ms, 5627ms total)
T06F4 12331:722 JLINK_IsHalted()  returns FALSE (0000ms, 5627ms total)
T16F4 12331:870 JLINK_EMU_GetList(InterfaceMask = 0x00000001, MaxInfos = 0x00000032) [0]: USB, S/N: 28023070, [1]: USB, S/N: 29425026  returns 0x02 (0000ms, 5627ms total)
T06F4 12331:922 JLINK_IsHalted()  returns FALSE (0000ms, 5627ms total)
T06F4 12332:122 JLINK_IsHalted()  returns FALSE (0000ms, 5627ms total)
T06F4 12332:322 JLINK_IsHalted()  returns FALSE (0000ms, 5627ms total)
T06F4 12332:523 JLINK_IsHalted()  returns FALSE (0000ms, 5627ms total)
T06F4 12332:723 JLINK_IsHalted()  returns FALSE (0000ms, 5627ms total)
T06F4 12332:923 JLINK_IsHalted()  returns FALSE (0000ms, 5627ms total)
T06F4 12333:123 JLINK_IsHalted()  returns FALSE (0000ms, 5627ms total)
T16F4 12333:187 JLINK_EMU_GetList(InterfaceMask = 0x00000001, MaxInfos = 0x00000032) [0]: USB, S/N: 28023070, [1]: USB, S/N: 29425026  returns 0x02 (0000ms, 5627ms total)
T06F4 12333:324 JLINK_IsHalted()  returns FALSE (0000ms, 5627ms total)
T06F4 12333:524 JLINK_IsHalted()  returns FALSE (0000ms, 5627ms total)
T06F4 12333:724 JLINK_IsHalted()  returns FALSE (0000ms, 5627ms total)
T06F4 12333:924 JLINK_IsHalted()  returns FALSE (0000ms, 5627ms total)
T06F4 12334:125 JLINK_IsHalted()  returns FALSE (0000ms, 5627ms total)
T06F4 12334:326 JLINK_IsHalted()  returns FALSE (0000ms, 5627ms total)
T16F4 12334:507 JLINK_EMU_GetList(InterfaceMask = 0x00000001, MaxInfos = 0x00000032) [0]: USB, S/N: 28023070, [1]: USB, S/N: 29425026  returns 0x02 (0000ms, 5627ms total)
T06F4 12334:526 JLINK_IsHalted()  returns FALSE (0000ms, 5627ms total)
T06F4 12334:726 JLINK_IsHalted()  returns FALSE (0000ms, 5627ms total)
T06F4 12334:927 JLINK_IsHalted()  returns FALSE (0000ms, 5627ms total)
T06F4 12335:127 JLINK_IsHalted()  returns FALSE (0000ms, 5627ms total)
T06F4 12335:328 JLINK_IsHalted()  returns FALSE (0000ms, 5627ms total)
T06F4 12335:528 JLINK_IsHalted()  returns FALSE (0000ms, 5627ms total)
T06F4 12335:728 JLINK_IsHalted()  returns FALSE (0000ms, 5627ms total)
T16F4 12335:826 JLINK_EMU_GetList(InterfaceMask = 0x00000001, MaxInfos = 0x00000032) [0]: USB, S/N: 28023070, [1]: USB, S/N: 29425026  returns 0x02 (0000ms, 5627ms total)
T06F4 12335:929 JLINK_IsHalted()  returns FALSE (0000ms, 5627ms total)
T06F4 12336:130 JLINK_IsHalted()  returns FALSE (0000ms, 5627ms total)
T06F4 12336:330 JLINK_IsHalted()  returns FALSE (0000ms, 5627ms total)
T06F4 12336:531 JLINK_IsHalted()  returns FALSE (0000ms, 5627ms total)
T06F4 12336:731 JLINK_IsHalted()  returns FALSE (0000ms, 5627ms total)
T06F4 12336:932 JLINK_IsHalted()  returns FALSE (0000ms, 5627ms total)
T06F4 12337:132 JLINK_IsHalted()  returns FALSE (0000ms, 5627ms total)
T16F4 12337:144 JLINK_EMU_GetList(InterfaceMask = 0x00000001, MaxInfos = 0x00000032) [0]: USB, S/N: 28023070, [1]: USB, S/N: 29425026  returns 0x02 (0000ms, 5627ms total)
T06F4 12337:334 JLINK_IsHalted()  returns FALSE (0000ms, 5627ms total)
T06F4 12337:534 JLINK_IsHalted()  returns FALSE (0000ms, 5627ms total)
T06F4 12337:735 JLINK_IsHalted()  returns FALSE (0000ms, 5627ms total)
T06F4 12337:936 JLINK_IsHalted()  returns FALSE (0000ms, 5627ms total)
T06F4 12338:136 JLINK_IsHalted()  returns FALSE (0000ms, 5627ms total)
T06F4 12338:336 JLINK_IsHalted()  returns FALSE (0000ms, 5627ms total)
T16F4 12338:461 JLINK_EMU_GetList(InterfaceMask = 0x00000001, MaxInfos = 0x00000032) [0]: USB, S/N: 28023070, [1]: USB, S/N: 29425026  returns 0x02 (0000ms, 5627ms total)
T06F4 12338:536 JLINK_IsHalted()  returns FALSE (0000ms, 5627ms total)
T06F4 12338:736 JLINK_IsHalted()  returns FALSE (0000ms, 5627ms total)
T06F4 12338:937 JLINK_IsHalted()  returns FALSE (0000ms, 5627ms total)
T06F4 12339:137 JLINK_IsHalted()  returns FALSE (0000ms, 5627ms total)
T06F4 12339:337 JLINK_IsHalted()  returns FALSE (0000ms, 5627ms total)
T06F4 12339:538 JLINK_IsHalted()  returns FALSE (0000ms, 5627ms total)
T06F4 12339:738 JLINK_IsHalted()  returns FALSE (0000ms, 5627ms total)
T16F4 12339:779 JLINK_EMU_GetList(InterfaceMask = 0x00000001, MaxInfos = 0x00000032) [0]: USB, S/N: 28023070, [1]: USB, S/N: 29425026  returns 0x02 (0000ms, 5627ms total)
T06F4 12339:938 JLINK_IsHalted()  returns FALSE (0000ms, 5627ms total)
T06F4 12340:138 JLINK_IsHalted()  returns FALSE (0000ms, 5627ms total)
T06F4 12340:339 JLINK_IsHalted()  returns FALSE (0000ms, 5627ms total)
T06F4 12340:539 JLINK_IsHalted()  returns FALSE (0000ms, 5627ms total)
T06F4 12340:739 JLINK_IsHalted()  returns FALSE (0000ms, 5627ms total)
T06F4 12340:940 JLINK_IsHalted()  returns FALSE (0000ms, 5627ms total)
T16F4 12341:097 JLINK_EMU_GetList(InterfaceMask = 0x00000001, MaxInfos = 0x00000032) [0]: USB, S/N: 28023070, [1]: USB, S/N: 29425026  returns 0x02 (0001ms, 5628ms total)
T06F4 12341:140 JLINK_IsHalted()  returns FALSE (0000ms, 5628ms total)
T06F4 12341:340 JLINK_IsHalted()  returns FALSE (0000ms, 5628ms total)
T06F4 12341:540 JLINK_IsHalted()  returns FALSE (0000ms, 5628ms total)
T06F4 12341:740 JLINK_IsHalted()  returns FALSE (0000ms, 5628ms total)
T06F4 12341:940 JLINK_IsHalted()  returns FALSE (0000ms, 5628ms total)
T06F4 12342:140 JLINK_IsHalted()  returns FALSE (0000ms, 5628ms total)
T06F4 12342:341 JLINK_IsHalted()  returns FALSE (0000ms, 5628ms total)
T16F4 12342:415 JLINK_EMU_GetList(InterfaceMask = 0x00000001, MaxInfos = 0x00000032) [0]: USB, S/N: 28023070, [1]: USB, S/N: 29425026  returns 0x02 (0000ms, 5628ms total)
T06F4 12342:542 JLINK_IsHalted()  returns FALSE (0000ms, 5628ms total)
T06F4 12342:742 JLINK_IsHalted()  returns FALSE (0000ms, 5628ms total)
T06F4 12342:943 JLINK_IsHalted()  returns FALSE (0000ms, 5628ms total)
T06F4 12343:143 JLINK_IsHalted()  returns FALSE (0000ms, 5628ms total)
T06F4 12343:344 JLINK_IsHalted()  returns FALSE (0000ms, 5628ms total)
T06F4 12343:545 JLINK_IsHalted()  returns FALSE (0000ms, 5628ms total)
T16F4 12343:734 JLINK_EMU_GetList(InterfaceMask = 0x00000001, MaxInfos = 0x00000032) [0]: USB, S/N: 28023070, [1]: USB, S/N: 29425026  returns 0x02 (0000ms, 5628ms total)
T06F4 12343:745 JLINK_IsHalted()  returns FALSE (0000ms, 5628ms total)
T06F4 12343:945 JLINK_IsHalted()  returns FALSE (0000ms, 5628ms total)
T06F4 12344:145 JLINK_IsHalted()  returns FALSE (0000ms, 5628ms total)
T06F4 12344:346 JLINK_IsHalted()  returns FALSE (0000ms, 5628ms total)
T06F4 12344:547 JLINK_IsHalted()  returns FALSE (0000ms, 5628ms total)
T06F4 12344:748 JLINK_IsHalted()  returns FALSE (0000ms, 5628ms total)
T06F4 12344:948 JLINK_IsHalted()  returns FALSE (0000ms, 5628ms total)
T16F4 12345:051 JLINK_EMU_GetList(InterfaceMask = 0x00000001, MaxInfos = 0x00000032) [0]: USB, S/N: 28023070, [1]: USB, S/N: 29425026  returns 0x02 (0000ms, 5628ms total)
T06F4 12345:149 JLINK_IsHalted()  returns FALSE (0000ms, 5628ms total)
T06F4 12345:349 JLINK_IsHalted()  returns FALSE (0000ms, 5628ms total)
T06F4 12345:549 JLINK_IsHalted()  returns FALSE (0000ms, 5628ms total)
T06F4 12345:750 JLINK_IsHalted()  returns FALSE (0000ms, 5628ms total)
T06F4 12345:950 JLINK_IsHalted()  returns FALSE (0000ms, 5628ms total)
T06F4 12346:150 JLINK_IsHalted()  returns FALSE (0000ms, 5628ms total)
T06F4 12346:351 JLINK_IsHalted()  returns FALSE (0000ms, 5628ms total)
T16F4 12346:369 JLINK_EMU_GetList(InterfaceMask = 0x00000001, MaxInfos = 0x00000032) [0]: USB, S/N: 28023070, [1]: USB, S/N: 29425026  returns 0x02 (0000ms, 5628ms total)
T06F4 12346:551 JLINK_IsHalted()  returns FALSE (0000ms, 5628ms total)
T06F4 12346:752 JLINK_IsHalted()  returns FALSE (0000ms, 5628ms total)
T06F4 12346:952 JLINK_IsHalted()  returns FALSE (0000ms, 5628ms total)
T06F4 12347:152 JLINK_IsHalted()  returns FALSE (0000ms, 5628ms total)
T06F4 12347:352 JLINK_IsHalted()  returns FALSE (0000ms, 5628ms total)
T06F4 12347:552 JLINK_IsHalted()  returns FALSE (0000ms, 5628ms total)
T16F4 12347:687 JLINK_EMU_GetList(InterfaceMask = 0x00000001, MaxInfos = 0x00000032) [0]: USB, S/N: 28023070, [1]: USB, S/N: 29425026  returns 0x02 (0001ms, 5629ms total)
T06F4 12347:753 JLINK_IsHalted()  returns FALSE (0000ms, 5629ms total)
T06F4 12347:953 JLINK_IsHalted()  returns FALSE (0000ms, 5629ms total)
T06F4 12348:153 JLINK_IsHalted()  returns FALSE (0000ms, 5629ms total)
T06F4 12348:353 JLINK_IsHalted()  returns FALSE (0000ms, 5629ms total)
T06F4 12348:553 JLINK_IsHalted()  returns FALSE (0000ms, 5629ms total)
T06F4 12348:753 JLINK_IsHalted()  returns FALSE (0000ms, 5629ms total)
T06F4 12348:953 JLINK_IsHalted()  returns FALSE (0000ms, 5629ms total)
T16F4 12349:005 JLINK_EMU_GetList(InterfaceMask = 0x00000001, MaxInfos = 0x00000032) [0]: USB, S/N: 28023070, [1]: USB, S/N: 29425026  returns 0x02 (0000ms, 5629ms total)
T06F4 12349:154 JLINK_IsHalted()  returns FALSE (0000ms, 5629ms total)
T06F4 12349:354 JLINK_IsHalted()  returns FALSE (0000ms, 5629ms total)
T06F4 12349:554 JLINK_IsHalted()  returns FALSE (0000ms, 5629ms total)
T06F4 12349:754 JLINK_IsHalted()  returns FALSE (0000ms, 5629ms total)
T06F4 12349:955 JLINK_IsHalted()  returns FALSE (0000ms, 5629ms total)
T06F4 12350:155 JLINK_IsHalted()  returns FALSE (0000ms, 5629ms total)
T16F4 12350:324 JLINK_EMU_GetList(InterfaceMask = 0x00000001, MaxInfos = 0x00000032) [0]: USB, S/N: 28023070, [1]: USB, S/N: 29425026  returns 0x02 (0000ms, 5629ms total)
T06F4 12350:356 JLINK_IsHalted()  returns FALSE (0000ms, 5629ms total)
T06F4 12350:556 JLINK_IsHalted()  returns ERROR (0000ms, 5629ms total)
T06F4 12350:556 JLINK_ExecCommand("ProjectFile = E:\treat back up\Merging 15112017\Renalyx_DM1\CPU3\jlink.config", ...)  returns 0x00 (0001ms, 5630ms total)
T16F4 12351:643 JLINK_EMU_GetList(InterfaceMask = 0x00000001, MaxInfos = 0x00000032) [0]: USB, S/N: 28023070, [1]: USB, S/N: 29425026  returns 0x02 (0000ms, 5630ms total)
T06F4 12351:666 JLINK_ExecCommand("Device = AT91SAM3X8E", ...)Device "ATSAM3X8E" selected.  returns 0x00 (0001ms, 5631ms total)
T06F4 12351:667 JLINK_TIF_Select(JLINKARM_TIF_JTAG)  returns 0x00 (0000ms, 5631ms total)
T06F4 12351:667 JLINK_GetIdData(...) ScanLen=4 NumDevices=1 aId[0]=0x4BA00477 aIrRead[0]=0 aScanLen[0]=0 aScanRead[0]=0 (0000ms, 5631ms total)
T06F4 12351:667 JLINK_ConfigJTAG(IRPre = 0, DRPre = 0) (0000ms, 5631ms total)
T06F4 12351:667 JLINK_SetSpeed(4000) (0000ms, 5631ms total)
T06F4 12351:667 JLINK_ResetPullsRESET(OFF) (0000ms, 5631ms total)
T06F4 12351:667 JLINK_Connect()  returns 0xFFFFFEFD (0000ms, 5631ms total)
T06F4 12352:068 JLINK_IsHalted()  returns ERROR (0000ms, 5631ms total)
T06F4 12352:068 JLINK_ExecCommand("ProjectFile = E:\treat back up\Merging 15112017\Renalyx_DM1\CPU3\jlink.config", ...)  returns 0x00 (0001ms, 5632ms total)
T06F4 12352:136 JLINK_ExecCommand("Device = AT91SAM3X8E", ...)Device "ATSAM3X8E" selected.  returns 0x00 (0001ms, 5633ms total)
T06F4 12352:137 JLINK_TIF_Select(JLINKARM_TIF_JTAG)  returns 0x00 (0000ms, 5633ms total)
T06F4 12352:137 JLINK_GetIdData(...) (0000ms, 5633ms total)
T06F4 12352:137 JLINK_ConfigJTAG(IRPre = 0, DRPre = 0) (0000ms, 5633ms total)
T06F4 12352:137 JLINK_SetSpeed(4000) (0000ms, 5633ms total)
T06F4 12352:137 JLINK_ResetPullsRESET(OFF) (0001ms, 5634ms total)
T06F4 12352:138 JLINK_Connect()  returns 0xFFFFFEFD (0000ms, 5634ms total)
T06F4 12352:538 JLINK_IsHalted()  returns ERROR (0000ms, 5634ms total)
T06F4 12352:538 JLINK_ExecCommand("ProjectFile = E:\treat back up\Merging 15112017\Renalyx_DM1\CPU3\jlink.config", ...)  returns 0x00 (0001ms, 5635ms total)
T16F4 12352:955 JLINK_EMU_GetList(InterfaceMask = 0x00000001, MaxInfos = 0x00000032) [0]: USB, S/N: 28023070, [1]: USB, S/N: 29425026  returns 0x02 (0000ms, 5635ms total)
T06F4 12353:407 JLINK_ExecCommand("Device = AT91SAM3X8E", ...)Device "ATSAM3X8E" selected.  returns 0x00 (0001ms, 5636ms total)
T06F4 12353:408 JLINK_TIF_Select(JLINKARM_TIF_JTAG)  returns 0x00 (0000ms, 5636ms total)
T06F4 12353:408 JLINK_GetIdData(...) (0000ms, 5636ms total)
T06F4 12353:408 JLINK_ConfigJTAG(IRPre = 0, DRPre = 0) (0000ms, 5636ms total)
T06F4 12353:408 JLINK_SetSpeed(4000) (0000ms, 5636ms total)
T06F4 12353:408 JLINK_ResetPullsRESET(OFF) (0000ms, 5636ms total)
T06F4 12353:408 JLINK_Connect()  returns 0xFFFFFEFD (0001ms, 5637ms total)
T1CD4 12353:409 JLINK_Halt()  returns 0x00 (0000ms, 5637ms total)
T22BC 12353:410 JLINK_ResetPullsRESET(ON) (0001ms, 5638ms total)
T22BC 12353:411 JLINK_ResetNoHalt() (0000ms, 5638ms total)
T22BC 12353:418 JLINK_Close() (0001ms, 5639ms total)
T22BC 12353:418  (0001ms, 5639ms total)
T22BC 12353:418 Closed (0001ms, 5639ms total)
